# JRE version: OpenJDK Runtime Environment (8.0_76-b03) (build 1.8.0_76-release-b03)
# Java VM: OpenJDK 64-Bit Server VM (25.76-b03 mixed mode windows-amd64 compressed oops)
Heap:
 PSYoungGen      total 261632K, used 122697K [0x00000000eab00000, 0x0000000100000000, 0x0000000100000000)
  eden space 180224K, 38% used [0x00000000eab00000,0x00000000eee0c3b8,0x00000000f5b00000)
  from space 81408K, 66% used [0x00000000fb080000,0x00000000fe546308,0x0000000100000000)
  to   space 84480K, 0% used [0x00000000f5b00000,0x00000000f5b00000,0x00000000fad80000)
 ParOldGen       total 334848K, used 192683K [0x00000000c0000000, 0x00000000d4700000, 0x00000000eab00000)
  object space 334848K, 57% used [0x00000000c0000000,0x00000000cbc2ac18,0x00000000d4700000)
 Metaspace       used 6590K, capacity 7282K, committed 7552K, reserved 1056768K
  class space    used 601K, capacity 618K, committed 640K, reserved 1048576K
GC Heap History (10 events):
Event: 5.126 GC heap before
{Heap before GC invocations=12 (full 1):
 PSYoungGen      total 277504K, used 261563K [0x00000000eab00000, 0x0000000100000000, 0x0000000100000000)
  eden space 221184K, 100% used [0x00000000eab00000,0x00000000f8300000,0x00000000f8300000)
  from space 56320K, 71% used [0x00000000fc900000,0x00000000ff06ec10,0x0000000100000000)
  to   space 64000K, 0% used [0x00000000f8300000,0x00000000f8300000,0x00000000fc180000)
 ParOldGen       total 164864K, used 87302K [0x00000000c0000000, 0x00000000ca100000, 0x00000000eab00000)
  object space 164864K, 52% used [0x00000000c0000000,0x00000000c5541ab8,0x00000000ca100000)
 Metaspace       used 6570K, capacity 7282K, committed 7552K, reserved 1056768K
  class space    used 600K, capacity 618K, committed 640K, reserved 1048576K
Event: 5.237 GC heap after
Heap after GC invocations=12 (full 1):
 PSYoungGen      total 257024K, used 35488K [0x00000000eab00000, 0x0000000100000000, 0x0000000100000000)
  eden space 221184K, 0% used [0x00000000eab00000,0x00000000eab00000,0x00000000f8300000)
  from space 35840K, 99% used [0x00000000f8300000,0x00000000fa5a80f0,0x00000000fa600000)
  to   space 64512K, 0% used [0x00000000fc100000,0x00000000fc100000,0x0000000100000000)
 ParOldGen       total 164864K, used 126852K [0x00000000c0000000, 0x00000000ca100000, 0x00000000eab00000)
  object space 164864K, 76% used [0x00000000c0000000,0x00000000c7be1078,0x00000000ca100000)
 Metaspace       used 6570K, capacity 7282K, committed 7552K, reserved 1056768K
  class space    used 600K, capacity 618K, committed 640K, reserved 1048576K
}
Event: 5.788 GC heap before
{Heap before GC invocations=13 (full 1):
 PSYoungGen      total 257024K, used 256672K [0x00000000eab00000, 0x0000000100000000, 0x0000000100000000)
  eden space 221184K, 100% used [0x00000000eab00000,0x00000000f8300000,0x00000000f8300000)
  from space 35840K, 99% used [0x00000000f8300000,0x00000000fa5a80f0,0x00000000fa600000)
  to   space 64512K, 0% used [0x00000000fc100000,0x00000000fc100000,0x0000000100000000)
 ParOldGen       total 164864K, used 126852K [0x00000000c0000000, 0x00000000ca100000, 0x00000000eab00000)
  object space 164864K, 76% used [0x00000000c0000000,0x00000000c7be1078,0x00000000ca100000)
 Metaspace       used 6572K, capacity 7282K, committed 7552K, reserved 1056768K
  class space    used 600K, capacity 618K, committed 640K, reserved 1048576K
Event: 5.873 GC heap after
Heap after GC invocations=13 (full 1):
 PSYoungGen      total 262144K, used 64480K [0x00000000eab00000, 0x0000000100000000, 0x0000000100000000)
  eden space 197632K, 0% used [0x00000000eab00000,0x00000000eab00000,0x00000000f6c00000)
  from space 64512K, 99% used [0x00000000fc100000,0x00000000ffff8090,0x0000000100000000)
  to   space 75776K, 0% used [0x00000000f6c00000,0x00000000f6c00000,0x00000000fb600000)
 ParOldGen       total 164864K, used 128259K [0x00000000c0000000, 0x00000000ca100000, 0x00000000eab00000)
  object space 164864K, 77% used [0x00000000c0000000,0x00000000c7d40f00,0x00000000ca100000)
 Metaspace       used 6572K, capacity 7282K, committed 7552K, reserved 1056768K
  class space    used 600K, capacity 618K, committed 640K, reserved 1048576K
}
Event: 6.747 GC heap before
{Heap before GC invocations=14 (full 1):
 PSYoungGen      total 262144K, used 262112K [0x00000000eab00000, 0x0000000100000000, 0x0000000100000000)
  eden space 197632K, 100% used [0x00000000eab00000,0x00000000f6c00000,0x00000000f6c00000)
  from space 64512K, 99% used [0x00000000fc100000,0x00000000ffff8090,0x0000000100000000)
  to   space 75776K, 0% used [0x00000000f6c00000,0x00000000f6c00000,0x00000000fb600000)
 ParOldGen       total 164864K, used 128259K [0x00000000c0000000, 0x00000000ca100000, 0x00000000eab00000)
  object space 164864K, 77% used [0x00000000c0000000,0x00000000c7d40f00,0x00000000ca100000)
 Metaspace       used 6579K, capacity 7282K, committed 7552K, reserved 1056768K
  class space    used 600K, capacity 618K, committed 640K, reserved 1048576K
Event: 6.882 GC heap after
Heap after GC invocations=14 (full 1):
 PSYoungGen      total 254976K, used 56905K [0x00000000eab00000, 0x0000000100000000, 0x0000000100000000)
  eden space 197632K, 0% used [0x00000000eab00000,0x00000000eab00000,0x00000000f6c00000)
  from space 57344K, 99% used [0x00000000f6c00000,0x00000000fa3924f0,0x00000000fa400000)
  to   space 81408K, 0% used [0x00000000fb080000,0x00000000fb080000,0x0000000100000000)
 ParOldGen       total 193024K, used 192697K [0x00000000c0000000, 0x00000000cbc80000, 0x00000000eab00000)
  object space 193024K, 99% used [0x00000000c0000000,0x00000000cbc2e548,0x00000000cbc80000)
 Metaspace       used 6579K, capacity 7282K, committed 7552K, reserved 1056768K
  class space    used 600K, capacity 618K, committed 640K, reserved 1048576K
}
Event: 6.882 GC heap before
{Heap before GC invocations=15 (full 2):
 PSYoungGen      total 254976K, used 56905K [0x00000000eab00000, 0x0000000100000000, 0x0000000100000000)
  eden space 197632K, 0% used [0x00000000eab00000,0x00000000eab00000,0x00000000f6c00000)
  from space 57344K, 99% used [0x00000000f6c00000,0x00000000fa3924f0,0x00000000fa400000)
  to   space 81408K, 0% used [0x00000000fb080000,0x00000000fb080000,0x0000000100000000)
 ParOldGen       total 193024K, used 192697K [0x00000000c0000000, 0x00000000cbc80000, 0x00000000eab00000)
  object space 193024K, 99% used [0x00000000c0000000,0x00000000cbc2e548,0x00000000cbc80000)
 Metaspace       used 6579K, capacity 7282K, committed 7552K, reserved 1056768K
  class space    used 600K, capacity 618K, committed 640K, reserved 1048576K
Event: 8.271 GC heap after
Heap after GC invocations=15 (full 2):
 PSYoungGen      total 254976K, used 52895K [0x00000000eab00000, 0x0000000100000000, 0x0000000100000000)
  eden space 197632K, 0% used [0x00000000eab00000,0x00000000eab00000,0x00000000f6c00000)
  from space 57344K, 92% used [0x00000000f6c00000,0x00000000f9fa7ce0,0x00000000fa400000)
  to   space 81408K, 0% used [0x00000000fb080000,0x00000000fb080000,0x0000000100000000)
 ParOldGen       total 334848K, used 192683K [0x00000000c0000000, 0x00000000d4700000, 0x00000000eab00000)
  object space 334848K, 57% used [0x00000000c0000000,0x00000000cbc2ac18,0x00000000d4700000)
 Metaspace       used 6579K, capacity 7282K, committed 7552K, reserved 1056768K
  class space    used 600K, capacity 618K, committed 640K, reserved 1048576K
}
Event: 9.250 GC heap before
{Heap before GC invocations=16 (full 2):
 PSYoungGen      total 254976K, used 250527K [0x00000000eab00000, 0x0000000100000000, 0x0000000100000000)
  eden space 197632K, 100% used [0x00000000eab00000,0x00000000f6c00000,0x00000000f6c00000)
  from space 57344K, 92% used [0x00000000f6c00000,0x00000000f9fa7ce0,0x00000000fa400000)
  to   space 81408K, 0% used [0x00000000fb080000,0x00000000fb080000,0x0000000100000000)
 ParOldGen       total 334848K, used 192683K [0x00000000c0000000, 0x00000000d4700000, 0x00000000eab00000)
  object space 334848K, 57% used [0x00000000c0000000,0x00000000cbc2ac18,0x00000000d4700000)
 Metaspace       used 6588K, capacity 7282K, committed 7552K, reserved 1056768K
  class space    used 601K, capacity 618K, committed 640K, reserved 1048576K
Event: 9.344 GC heap after
Heap after GC invocations=16 (full 2):
 PSYoungGen      total 261632K, used 54040K [0x00000000eab00000, 0x0000000100000000, 0x0000000100000000)
  eden space 180224K, 0% used [0x00000000eab00000,0x00000000eab00000,0x00000000f5b00000)
  from space 81408K, 66% used [0x00000000fb080000,0x00000000fe546308,0x0000000100000000)
  to   space 84480K, 0% used [0x00000000f5b00000,0x00000000f5b00000,0x00000000fad80000)
 ParOldGen       total 334848K, used 192683K [0x00000000c0000000, 0x00000000d4700000, 0x00000000eab00000)
  object space 334848K, 57% used [0x00000000c0000000,0x00000000cbc2ac18,0x00000000d4700000)
 Metaspace       used 6588K, capacity 7282K, committed 7552K, reserved 1056768K
  class space    used 601K, capacity 618K, committed 640K, reserved 1048576K
}

